execve("./build/labs/lab3/parent", ["./build/labs/lab3/parent"], 0x7ffc2da429c0 
/* 81 vars */) = 0
brk(NULL)                               = 0x55d9bf800000
mmap(NULL, 8192, PROT_READ|PROT_WRITE, MAP_PRIVATE|MAP_ANONYMOUS, -1, 0) = 0x7fc
b0d1df000
access("/etc/ld.so.preload", R_OK)      = -1 ENOENT (No such file or directory)
openat(AT_FDCWD, "/home/noyer/Desktop/labs/os/labs/lab3/lib/queue/glibc-hwcaps/x
86-64-v3/libstdc++.so.6", O_RDONLY|O_CLOEXEC) = -1 ENOENT (No such file or direc
tory)
newfstatat(AT_FDCWD, "/home/noyer/Desktop/labs/os/labs/lab3/lib/queue/glibc-hwca
ps/x86-64-v3/", 0x7fff07515c20, 0) = -1 ENOENT (No such file or directory)
openat(AT_FDCWD, "/home/noyer/Desktop/labs/os/labs/lab3/lib/queue/glibc-hwcaps/x
86-64-v2/libstdc++.so.6", O_RDONLY|O_CLOEXEC) = -1 ENOENT (No such file or direc
tory)
newfstatat(AT_FDCWD, "/home/noyer/Desktop/labs/os/labs/lab3/lib/queue/glibc-hwca
ps/x86-64-v2/", 0x7fff07515c20, 0) = -1 ENOENT (No such file or directory)
openat(AT_FDCWD, "/home/noyer/Desktop/labs/os/labs/lab3/lib/queue/libstdc++.so.6
", O_RDONLY|O_CLOEXEC) = -1 ENOENT (No such file or directory)
newfstatat(AT_FDCWD, "/home/noyer/Desktop/labs/os/labs/lab3/lib/queue/", {st_mod
e=S_IFDIR|0755, st_size=36, ...}, 0) = 0
openat(AT_FDCWD, "/home/noyer/Desktop/labs/os/labs/lab3/lib/system/glibc-hwcaps/
x86-64-v3/libstdc++.so.6", O_RDONLY|O_CLOEXEC) = -1 ENOENT (No such file or dire
ctory)
newfstatat(AT_FDCWD, "/home/noyer/Desktop/labs/os/labs/lab3/lib/system/glibc-hwc
aps/x86-64-v3/", 0x7fff07515c20, 0) = -1 ENOENT (No such file or directory)
openat(AT_FDCWD, "/home/noyer/Desktop/labs/os/labs/lab3/lib/system/glibc-hwcaps/
x86-64-v2/libstdc++.so.6", O_RDONLY|O_CLOEXEC) = -1 ENOENT (No such file or dire
ctory)
newfstatat(AT_FDCWD, "/home/noyer/Desktop/labs/os/labs/lab3/lib/system/glibc-hwc
aps/x86-64-v2/", 0x7fff07515c20, 0) = -1 ENOENT (No such file or directory)
openat(AT_FDCWD, "/home/noyer/Desktop/labs/os/labs/lab3/lib/system/libstdc++.so.
6", O_RDONLY|O_CLOEXEC) = -1 ENOENT (No such file or directory)
newfstatat(AT_FDCWD, "/home/noyer/Desktop/labs/os/labs/lab3/lib/system/", {st_mo
de=S_IFDIR|0755, st_size=34, ...}, 0) = 0
openat(AT_FDCWD, "/home/noyer/Desktop/labs/os/labs/lab3/lib/exceptions/glibc-hwc
aps/x86-64-v3/libstdc++.so.6", O_RDONLY|O_CLOEXEC) = -1 ENOENT (No such file or 
directory)
newfstatat(AT_FDCWD, "/home/noyer/Desktop/labs/os/labs/lab3/lib/exceptions/glibc
-hwcaps/x86-64-v3/", 0x7fff07515c20, 0) = -1 ENOENT (No such file or directory)
openat(AT_FDCWD, "/home/noyer/Desktop/labs/os/labs/lab3/lib/exceptions/glibc-hwc
aps/x86-64-v2/libstdc++.so.6", O_RDONLY|O_CLOEXEC) = -1 ENOENT (No such file or 
directory)
newfstatat(AT_FDCWD, "/home/noyer/Desktop/labs/os/labs/lab3/lib/exceptions/glibc
-hwcaps/x86-64-v2/", 0x7fff07515c20, 0) = -1 ENOENT (No such file or directory)
openat(AT_FDCWD, "/home/noyer/Desktop/labs/os/labs/lab3/lib/exceptions/libstdc++
.so.6", O_RDONLY|O_CLOEXEC) = -1 ENOENT (No such file or directory)
newfstatat(AT_FDCWD, "/home/noyer/Desktop/labs/os/labs/lab3/lib/exceptions/", {s
t_mode=S_IFDIR|0755, st_size=28, ...}, 0) = 0
openat(AT_FDCWD, "/etc/ld.so.cache", O_RDONLY|O_CLOEXEC) = 3
fstat(3, {st_mode=S_IFREG|0644, st_size=288607, ...}) = 0
mmap(NULL, 288607, PROT_READ, MAP_PRIVATE, 3, 0) = 0x7fcb0d198000
close(3)                                = 0
openat(AT_FDCWD, "/usr/lib/libstdc++.so.6", O_RDONLY|O_CLOEXEC) = 3
read(3, "\177ELF\2\1\1\3\0\0\0\0\0\0\0\0\3\0>\0\1\0\0\0\0\0\0\0\0\0\0\0"..., 832
) = 832
fstat(3, {st_mode=S_IFREG|0755, st_size=26390584, ...}) = 0
mmap(NULL, 3006536, PROT_READ, MAP_PRIVATE|MAP_DENYWRITE, 3, 0) = 0x7fcb0ce00000
mmap(0x7fcb0ce94000, 1703936, PROT_READ|PROT_EXEC, MAP_PRIVATE|MAP_FIXED|MAP_DEN
YWRITE, 3, 0x94000) = 0x7fcb0ce94000
mmap(0x7fcb0d034000, 614400, PROT_READ, MAP_PRIVATE|MAP_FIXED|MAP_DENYWRITE, 3, 
0x234000) = 0x7fcb0d034000
mmap(0x7fcb0d0ca000, 69632, PROT_READ|PROT_WRITE, MAP_PRIVATE|MAP_FIXED|MAP_DENY
WRITE, 3, 0x2ca000) = 0x7fcb0d0ca000
mmap(0x7fcb0d0db000, 12360, PROT_READ|PROT_WRITE, MAP_PRIVATE|MAP_FIXED|MAP_ANON
YMOUS, -1, 0) = 0x7fcb0d0db000
close(3)                                = 0
openat(AT_FDCWD, "/home/noyer/Desktop/labs/os/labs/lab3/lib/queue/libm.so.6", O_
RDONLY|O_CLOEXEC) = -1 ENOENT (No such file or directory)
openat(AT_FDCWD, "/home/noyer/Desktop/labs/os/labs/lab3/lib/system/libm.so.6", O
_RDONLY|O_CLOEXEC) = -1 ENOENT (No such file or directory)
openat(AT_FDCWD, "/home/noyer/Desktop/labs/os/labs/lab3/lib/exceptions/libm.so.6
", O_RDONLY|O_CLOEXEC) = -1 ENOENT (No such file or directory)
openat(AT_FDCWD, "/usr/lib/libm.so.6", O_RDONLY|O_CLOEXEC) = 3
read(3, "\177ELF\2\1\1\3\0\0\0\0\0\0\0\0\3\0>\0\1\0\0\0\0\0\0\0\0\0\0\0"..., 832
) = 832
fstat(3, {st_mode=S_IFREG|0755, st_size=924064, ...}) = 0
mmap(NULL, 926024, PROT_READ, MAP_PRIVATE|MAP_DENYWRITE, 3, 0) = 0x7fcb0cd1d000
mmap(0x7fcb0cd2c000, 557056, PROT_READ|PROT_EXEC, MAP_PRIVATE|MAP_FIXED|MAP_DENY
WRITE, 3, 0xf000) = 0x7fcb0cd2c000
mmap(0x7fcb0cdb4000, 303104, PROT_READ, MAP_PRIVATE|MAP_FIXED|MAP_DENYWRITE, 3, 
0x97000) = 0x7fcb0cdb4000
mmap(0x7fcb0cdfe000, 8192, PROT_READ|PROT_WRITE, MAP_PRIVATE|MAP_FIXED|MAP_DENYW
RITE, 3, 0xe0000) = 0x7fcb0cdfe000
close(3)                                = 0
openat(AT_FDCWD, "/home/noyer/Desktop/labs/os/labs/lab3/lib/queue/libgcc_s.so.1"
, O_RDONLY|O_CLOEXEC) = -1 ENOENT (No such file or directory)
openat(AT_FDCWD, "/home/noyer/Desktop/labs/os/labs/lab3/lib/system/libgcc_s.so.1
", O_RDONLY|O_CLOEXEC) = -1 ENOENT (No such file or directory)
openat(AT_FDCWD, "/home/noyer/Desktop/labs/os/labs/lab3/lib/exceptions/libgcc_s.
so.1", O_RDONLY|O_CLOEXEC) = -1 ENOENT (No such file or directory)
openat(AT_FDCWD, "/usr/lib/libgcc_s.so.1", O_RDONLY|O_CLOEXEC) = 3
read(3, "\177ELF\2\1\1\0\0\0\0\0\0\0\0\0\3\0>\0\1\0\0\0\0\0\0\0\0\0\0\0"..., 832
) = 832
fstat(3, {st_mode=S_IFREG|0644, st_size=1034016, ...}) = 0
mmap(NULL, 213480, PROT_READ, MAP_PRIVATE|MAP_DENYWRITE, 3, 0) = 0x7fcb0d163000
mmap(0x7fcb0d167000, 176128, PROT_READ|PROT_EXEC, MAP_PRIVATE|MAP_FIXED|MAP_DENY
WRITE, 3, 0x4000) = 0x7fcb0d167000
mmap(0x7fcb0d192000, 16384, PROT_READ, MAP_PRIVATE|MAP_FIXED|MAP_DENYWRITE, 3, 0
x2f000) = 0x7fcb0d192000
mmap(0x7fcb0d196000, 8192, PROT_READ|PROT_WRITE, MAP_PRIVATE|MAP_FIXED|MAP_DENYW
RITE, 3, 0x33000) = 0x7fcb0d196000
close(3)                                = 0
openat(AT_FDCWD, "/home/noyer/Desktop/labs/os/labs/lab3/lib/queue/libc.so.6", O_
RDONLY|O_CLOEXEC) = -1 ENOENT (No such file or directory)
openat(AT_FDCWD, "/home/noyer/Desktop/labs/os/labs/lab3/lib/system/libc.so.6", O
_RDONLY|O_CLOEXEC) = -1 ENOENT (No such file or directory)
openat(AT_FDCWD, "/home/noyer/Desktop/labs/os/labs/lab3/lib/exceptions/libc.so.6
", O_RDONLY|O_CLOEXEC) = -1 ENOENT (No such file or directory)
openat(AT_FDCWD, "/usr/lib/libc.so.6", O_RDONLY|O_CLOEXEC) = 3
read(3, "\177ELF\2\1\1\3\0\0\0\0\0\0\0\0\3\0>\0\1\0\0\0P}\2\0\0\0\0\0"..., 832) 
= 832
pread64(3, "\6\0\0\0\4\0\0\0@\0\0\0\0\0\0\0@\0\0\0\0\0\0\0@\0\0\0\0\0\0\0"..., 8
96, 64) = 896
fstat(3, {st_mode=S_IFREG|0755, st_size=2342304, ...}) = 0
pread64(3, "\6\0\0\0\4\0\0\0@\0\0\0\0\0\0\0@\0\0\0\0\0\0\0@\0\0\0\0\0\0\0"..., 8
96, 64) = 896
mmap(NULL, 2366512, PROT_READ, MAP_PRIVATE|MAP_DENYWRITE, 3, 0) = 0x7fcb0ca00000
mmap(0x7fcb0ca24000, 1667072, PROT_READ|PROT_EXEC, MAP_PRIVATE|MAP_FIXED|MAP_DEN
YWRITE, 3, 0x24000) = 0x7fcb0ca24000
mmap(0x7fcb0cbbb000, 495616, PROT_READ, MAP_PRIVATE|MAP_FIXED|MAP_DENYWRITE, 3, 
0x1bb000) = 0x7fcb0cbbb000
mmap(0x7fcb0cc34000, 24576, PROT_READ|PROT_WRITE, MAP_PRIVATE|MAP_FIXED|MAP_DENY
WRITE, 3, 0x233000) = 0x7fcb0cc34000
mmap(0x7fcb0cc3a000, 31792, PROT_READ|PROT_WRITE, MAP_PRIVATE|MAP_FIXED|MAP_ANON
YMOUS, -1, 0) = 0x7fcb0cc3a000
close(3)                                = 0
mmap(NULL, 8192, PROT_READ|PROT_WRITE, MAP_PRIVATE|MAP_ANONYMOUS, -1, 0) = 0x7fc
b0d161000
mmap(NULL, 12288, PROT_READ|PROT_WRITE, MAP_PRIVATE|MAP_ANONYMOUS, -1, 0) = 0x7f
cb0d15e000
arch_prctl(ARCH_SET_FS, 0x7fcb0d15e780) = 0
set_tid_address(0x7fcb0d15ea50)         = 203925
set_robust_list(0x7fcb0d15ea60, 24)     = 0
rseq(0x7fcb0d15e6a0, 0x20, 0, 0x53053053) = 0
mprotect(0x7fcb0cc34000, 16384, PROT_READ) = 0
mprotect(0x7fcb0d196000, 4096, PROT_READ) = 0
mprotect(0x7fcb0cdfe000, 4096, PROT_READ) = 0
mprotect(0x7fcb0d0ca000, 65536, PROT_READ) = 0
mprotect(0x55d993fb2000, 4096, PROT_READ) = 0
mprotect(0x7fcb0d226000, 8192, PROT_READ) = 0
prlimit64(0, RLIMIT_STACK, NULL, {rlim_cur=8192*1024, rlim_max=RLIM64_INFINITY})
 = 0
getrandom("\x80\x44\x45\x03\x30\x86\x03\xfc", 8, GRND_NONBLOCK) = 8
munmap(0x7fcb0d198000, 288607)          = 0
futex(0x7fcb0d0db6bc, FUTEX_WAKE_PRIVATE, 2147483647) = 0
brk(NULL)                               = 0x55d9bf800000
brk(0x55d9bf833000)                     = 0x55d9bf833000
fstat(1, {st_mode=S_IFCHR|0620, st_rdev=makedev(0x88, 0x2), ...}) = 0
write(1, "Enter the path to the file:", 27) = 27
fstat(0, {st_mode=S_IFCHR|0620, st_rdev=makedev(0x88, 0x2), ...}) = 0
read(0, "./files/test.txt\n", 1024)     = 17
openat(AT_FDCWD, "./files/test.txt", O_RDONLY) = 3
openat(AT_FDCWD, "/dev/shm/lab3_shared_memory", O_RDWR|O_CREAT|O_NOFOLLOW|O_CLOE
XEC, 0666) = 4
ftruncate(4, 2080)                      = 0
mmap(NULL, 2080, PROT_READ|PROT_WRITE, MAP_SHARED, 4, 0) = 0x7fcb0d1de000
close(4)                                = 0
openat(AT_FDCWD, "/dev/shm/sem.lab3_shared_memory_empty_sem", O_RDWR|O_NOFOLLOW|
O_CLOEXEC) = -1 ENOENT (No such file or directory)
rt_sigprocmask(SIG_BLOCK, ~[], [], 8)   = 0
mmap(NULL, 4096, PROT_READ|PROT_WRITE, MAP_DROPPABLE|MAP_ANONYMOUS, -1, 0) = 0x7
fcb0d1dd000
mmap(NULL, 4096, PROT_READ|PROT_WRITE, MAP_PRIVATE|MAP_ANONYMOUS, -1, 0) = 0x7fc
b0d1dc000
rt_sigprocmask(SIG_SETMASK, [], NULL, 8) = 0
getrandom("\x5a\xfb\xf3\x8c\x62\xdc\xf6\x04\xc0\x90\x14\xf8\x33\x21\x32\x4c\xb5\
xb4\x89\x2b\x49\x9b\x46\xa7\x55\xe1\xdd\x7c\x92\xfb\x88\x13", 32, 0) = 32
newfstatat(AT_FDCWD, "/dev/shm/sem.xqhBGL", 0x7fff075164d0, AT_SYMLINK_NOFOLLOW)
 = -1 ENOENT (No such file or directory)
openat(AT_FDCWD, "/dev/shm/sem.xqhBGL", O_RDWR|O_CREAT|O_EXCL|O_NOFOLLOW|O_CLOEX
EC, 0666) = 4
write(4, "\0\2\0\0\0\0\0\0\200\0\0\0\0\0\0\0\0\0\0\0\0\0\0\0\0\0\0\0\0\0\0\0", 3
2) = 32
mmap(NULL, 32, PROT_READ|PROT_WRITE, MAP_SHARED, 4, 0) = 0x7fcb0d1db000
link("/dev/shm/sem.xqhBGL", "/dev/shm/sem.lab3_shared_memory_empty_sem") = 0
fstat(4, {st_mode=S_IFREG|0644, st_size=32, ...}) = 0
unlink("/dev/shm/sem.xqhBGL")           = 0
close(4)                                = 0
openat(AT_FDCWD, "/dev/shm/sem.lab3_shared_memory_full_sem", O_RDWR|O_NOFOLLOW|O
_CLOEXEC) = -1 ENOENT (No such file or directory)
newfstatat(AT_FDCWD, "/dev/shm/sem.WCFNrv", 0x7fff075164d0, AT_SYMLINK_NOFOLLOW)
 = -1 ENOENT (No such file or directory)
openat(AT_FDCWD, "/dev/shm/sem.WCFNrv", O_RDWR|O_CREAT|O_EXCL|O_NOFOLLOW|O_CLOEX
EC, 0666) = 4
write(4, "\0\0\0\0\0\0\0\0\200\0\0\0\0\0\0\0\0\0\0\0\0\0\0\0\0\0\0\0\0\0\0\0", 3
2) = 32
mmap(NULL, 32, PROT_READ|PROT_WRITE, MAP_SHARED, 4, 0) = 0x7fcb0d1da000
link("/dev/shm/sem.WCFNrv", "/dev/shm/sem.lab3_shared_memory_full_sem") = 0
fstat(4, {st_mode=S_IFREG|0644, st_size=32, ...}) = 0
unlink("/dev/shm/sem.WCFNrv")           = 0
close(4)                                = 0
openat(AT_FDCWD, "/dev/shm/sem.lab3_shared_memory_mutex", O_RDWR|O_NOFOLLOW|O_CL
OEXEC) = -1 ENOENT (No such file or directory)
newfstatat(AT_FDCWD, "/dev/shm/sem.LSRhcr", 0x7fff075164d0, AT_SYMLINK_NOFOLLOW)
 = -1 ENOENT (No such file or directory)
openat(AT_FDCWD, "/dev/shm/sem.LSRhcr", O_RDWR|O_CREAT|O_EXCL|O_NOFOLLOW|O_CLOEX
EC, 0666) = 4
write(4, "\1\0\0\0\0\0\0\0\200\0\0\0\0\0\0\0\0\0\0\0\0\0\0\0\0\0\0\0\0\0\0\0", 3
2) = 32
mmap(NULL, 32, PROT_READ|PROT_WRITE, MAP_SHARED, 4, 0) = 0x7fcb0d1d9000
link("/dev/shm/sem.LSRhcr", "/dev/shm/sem.lab3_shared_memory_mutex") = 0
fstat(4, {st_mode=S_IFREG|0644, st_size=32, ...}) = 0
unlink("/dev/shm/sem.LSRhcr")           = 0
close(4)                                = 0
rt_sigprocmask(SIG_BLOCK, ~[], [], 8)   = 0
clone(child_stack=NULL, flags=CLONE_CHILD_CLEARTID|CLONE_CHILD_SETTID|SIGCHLD, c
hild_tidptr=0x7fcb0d15ea50) = 203997
rt_sigprocmask(SIG_SETMASK, [], NULL, 8) = 0
close(3)                                = 0
write(1, "First positive composite numbers"..., 42) = 42
futex(0x7fcb0d1da000, FUTEX_WAIT_BITSET|FUTEX_CLOCK_REALTIME, 0, NULL, FUTEX_BIT
SET_MATCH_ANY) = 0
write(1, "100\n", 4)                    = 4
write(1, "10\n", 3)                     = 3
wait4(203997, [{WIFEXITED(s) && WEXITSTATUS(s) == 0}], 0, NULL) = 203997
--- SIGCHLD {si_signo=SIGCHLD, si_code=CLD_EXITED, si_pid=203997, si_uid=1000, s
i_status=0, si_utime=0, si_stime=0} ---
unlink("/dev/shm/sem.lab3_shared_memory_mutex") = -1 ENOENT (No such file or dir
ectory)
unlink("/dev/shm/sem.lab3_shared_memory_full_sem") = -1 ENOENT (No such file or 
directory)
unlink("/dev/shm/sem.lab3_shared_memory_empty_sem") = -1 ENOENT (No such file or
 directory)
munmap(0x7fcb0d1de000, 2080)            = 0
unlink("/dev/shm/lab3_shared_memory")   = 0
exit_group(0)                           = ?
+++ exited with 0 +++
